2022-04-11 11:34:14,521 DEBUG    root            Loaded Command Group: ['gcloud', 'auth']
2022-04-11 11:34:14,545 DEBUG    root            Loaded Command Group: ['gcloud', 'auth', 'login']
2022-04-11 11:34:14,547 DEBUG    root            Running [gcloud.auth.login] with arguments: []
2022-04-11 11:34:14,552 DEBUG    requests_oauthlib.oauth2_session Generated new state jEGB2p6AFrXLwVsMxL19GgDXZu0vxm.
2022-04-11 11:34:14,749 INFO     ___FILE_ONLY___ Your browser has been opened to visit:

    https://accounts.google.com/o/oauth2/auth?response_type=code&client_id=32555940559.apps.googleusercontent.com&redirect_uri=http%3A%2F%2Flocalhost%3A8085%2F&scope=openid+https%3A%2F%2Fwww.googleapis.com%2Fauth%2Fuserinfo.email+https%3A%2F%2Fwww.googleapis.com%2Fauth%2Fcloud-platform+https%3A%2F%2Fwww.googleapis.com%2Fauth%2Fappengine.admin+https%3A%2F%2Fwww.googleapis.com%2Fauth%2Fcompute+https%3A%2F%2Fwww.googleapis.com%2Fauth%2Faccounts.reauth&state=jEGB2p6AFrXLwVsMxL19GgDXZu0vxm&access_type=offline&code_challenge=rD2DVlGL_wuQwOptL8vi2u79uafYNEdb48L5HhCl6GE&code_challenge_method=S256


2022-04-11 11:34:28,676 INFO     google_auth_oauthlib.flow "GET /?state=jEGB2p6AFrXLwVsMxL19GgDXZu0vxm&code=4/0AX4XfWi18jWKPSYrLv-lDuSlta3XwcSAtrrXY7W6BwsfExBsrN9z-0J-cINW2sbLTCzWEg&scope=email%20openid%20https://www.googleapis.com/auth/userinfo.email%20https://www.googleapis.com/auth/cloud-platform%20https://www.googleapis.com/auth/appengine.admin%20https://www.googleapis.com/auth/compute%20https://www.googleapis.com/auth/accounts.reauth&authuser=1&hd=tcnbroadcasting.com&prompt=consent HTTP/1.1" 200 959
2022-04-11 11:34:28,677 DEBUG    requests_oauthlib.oauth2_session Requesting url https://oauth2.googleapis.com/token using method POST.
2022-04-11 11:34:28,678 DEBUG    requests_oauthlib.oauth2_session Supplying headers {b'Accept': b'application/json', b'Content-Type': b'application/x-www-form-urlencoded;charset=UTF-8', b'user-agent': b'google-cloud-sdk gcloud/370.0.0 command/gcloud.auth.login invocation-id/7b6ecba161a84827b39dc33c64291b8d environment/None environment-version/None interactive/True from-script/False python/3.8.12 term/xterm-color (Macintosh; Intel Mac OS X 21.3.0)'} and data {'grant_type': 'authorization_code', 'client_id': '32555940559.apps.googleusercontent.com', 'client_secret': 'ZmssLNjJy2998hD4CTg2ejr2', 'code': '4/0AX4XfWi18jWKPSYrLv-lDuSlta3XwcSAtrrXY7W6BwsfExBsrN9z-0J-cINW2sbLTCzWEg', 'redirect_uri': 'http://localhost:8085/', 'code_verifier': 'oucy3AXxSoqOrw2lJyMSUVT9J9RNpYVzT430pnzgv.BzUfJUY.qsqlPk4Heg2d0SplL1Cc7E9NKsfSoR2Q48VH1Ciyj_fS6B-LNQQe2AkSbeHBE1N6AXlNmwQd0d9LYD'}
2022-04-11 11:34:28,678 DEBUG    requests_oauthlib.oauth2_session Passing through key word arguments {'json': None, 'timeout': None, 'auth': None, 'verify': None, 'proxies': None}.
2022-04-11 11:34:28,685 DEBUG    urllib3.connectionpool Starting new HTTPS connection (1): oauth2.googleapis.com:443
2022-04-11 11:34:28,863 DEBUG    urllib3.connectionpool https://oauth2.googleapis.com:443 "POST /token HTTP/1.1" 200 None
2022-04-11 11:34:28,864 DEBUG    requests_oauthlib.oauth2_session Prepared fetch token request body grant_type=authorization_code&client_id=32555940559.apps.googleusercontent.com&client_secret=ZmssLNjJy2998hD4CTg2ejr2&code=4%2F0AX4XfWi18jWKPSYrLv-lDuSlta3XwcSAtrrXY7W6BwsfExBsrN9z-0J-cINW2sbLTCzWEg&redirect_uri=http%3A%2F%2Flocalhost%3A8085%2F&code_verifier=oucy3AXxSoqOrw2lJyMSUVT9J9RNpYVzT430pnzgv.BzUfJUY.qsqlPk4Heg2d0SplL1Cc7E9NKsfSoR2Q48VH1Ciyj_fS6B-LNQQe2AkSbeHBE1N6AXlNmwQd0d9LYD
2022-04-11 11:34:28,864 DEBUG    requests_oauthlib.oauth2_session Request to fetch token completed with status 200.
2022-04-11 11:34:28,865 DEBUG    requests_oauthlib.oauth2_session Request headers were {'user-agent': b'google-cloud-sdk gcloud/370.0.0 command/gcloud.auth.login invocation-id/7b6ecba161a84827b39dc33c64291b8d environment/None environment-version/None interactive/True from-script/False python/3.8.12 term/xterm-color (Macintosh; Intel Mac OS X 21.3.0)', 'Accept-Encoding': 'gzip, deflate', 'Accept': b'application/json', 'Connection': 'keep-alive', 'Content-Type': b'application/x-www-form-urlencoded;charset=UTF-8', 'Content-Length': '387'}
2022-04-11 11:34:28,865 DEBUG    requests_oauthlib.oauth2_session Request body was grant_type=authorization_code&client_id=32555940559.apps.googleusercontent.com&client_secret=ZmssLNjJy2998hD4CTg2ejr2&code=4%2F0AX4XfWi18jWKPSYrLv-lDuSlta3XwcSAtrrXY7W6BwsfExBsrN9z-0J-cINW2sbLTCzWEg&redirect_uri=http%3A%2F%2Flocalhost%3A8085%2F&code_verifier=oucy3AXxSoqOrw2lJyMSUVT9J9RNpYVzT430pnzgv.BzUfJUY.qsqlPk4Heg2d0SplL1Cc7E9NKsfSoR2Q48VH1Ciyj_fS6B-LNQQe2AkSbeHBE1N6AXlNmwQd0d9LYD
2022-04-11 11:34:28,865 DEBUG    requests_oauthlib.oauth2_session Response headers were {'Date': 'Mon, 11 Apr 2022 17:34:29 GMT', 'Expires': 'Mon, 01 Jan 1990 00:00:00 GMT', 'Cache-Control': 'no-cache, no-store, max-age=0, must-revalidate', 'Pragma': 'no-cache', 'Content-Type': 'application/json; charset=utf-8', 'Vary': 'Origin, X-Origin, Referer', 'Content-Encoding': 'gzip', 'Server': 'scaffolding on HTTPServer2', 'X-XSS-Protection': '0', 'X-Frame-Options': 'SAMEORIGIN', 'X-Content-Type-Options': 'nosniff', 'Alt-Svc': 'h3=":443"; ma=2592000,h3-29=":443"; ma=2592000,h3-Q050=":443"; ma=2592000,h3-Q046=":443"; ma=2592000,h3-Q043=":443"; ma=2592000,quic=":443"; ma=2592000; v="46,43"', 'Transfer-Encoding': 'chunked'} and content {
  "access_token": "ya29.A0ARrdaM80pfcCh1qGpadMJPBTWR5ojVsnCkRRqWWVcv-YRsPIlWIpATJSTf2-Eg75AXn1AiqUgAA1dDEXmmyq4rcXveSusmo81bLBfev3hZSwaNMFweskvMT4BTG1x9BMxkz6c8scJ7PfFgAi7G6H8ULcGL5fxGtv9DEa",
  "expires_in": 3599,
  "refresh_token": "1//06QA8F4ZERa47CgYIARAAGAYSNwF-L9IrMqsbzltzZiKJm43lIU_yo1LXoAaLcHCTjXlFgNBBeUfz58MvkIP38PcBbjF4oyfatMw",
  "scope": "https://www.googleapis.com/auth/cloud-platform https://www.googleapis.com/auth/compute https://www.googleapis.com/auth/accounts.reauth https://www.googleapis.com/auth/userinfo.email https://www.googleapis.com/auth/appengine.admin openid",
  "token_type": "Bearer",
  "id_token": "eyJhbGciOiJSUzI1NiIsImtpZCI6ImYxMzM4Y2EyNjgzNTg2M2Y2NzE0MDhmNDE3MzhhN2I0OWU3NDBmYzAiLCJ0eXAiOiJKV1QifQ.eyJpc3MiOiJodHRwczovL2FjY291bnRzLmdvb2dsZS5jb20iLCJhenAiOiIzMjU1NTk0MDU1OS5hcHBzLmdvb2dsZXVzZXJjb250ZW50LmNvbSIsImF1ZCI6IjMyNTU1OTQwNTU5LmFwcHMuZ29vZ2xldXNlcmNvbnRlbnQuY29tIiwic3ViIjoiMTA3NDQzNzIwNDA3NTA0MjIxNjI0IiwiaGQiOiJ0Y25icm9hZGNhc3RpbmcuY29tIiwiZW1haWwiOiJqZW5uaW5ncy5sZWF2aXR0QHRjbmJyb2FkY2FzdGluZy5jb20iLCJlbWFpbF92ZXJpZmllZCI6dHJ1ZSwiYXRfaGFzaCI6Ikpac055MlFlbHJlQVRZUjduZC1ZcHciLCJpYXQiOjE2NDk2OTg0NjksImV4cCI6MTY0OTcwMjA2OX0.krHRDODAxSwp2tLs6d5xnaciZ8fbDmlv9AODZppC3AmZFVTbVrm0cFLKqWy2PIQuMvQhAZ-xqCP0LI57qn5Kz90uiZtLKx_JepmwpUFCerzOqxGGnUrkRUehLv6KjUy2bPySS9RX-4kcMdaNoxTJ-kxRlYZTtSbQcCYaqLXzLXbpHu8XBq6TOPq--v0SwDDNX6BR7cSBJ8wjXhjb09eUCSmrxJwn3B0R4_QuxToL07zdiT6lvpYOogDYF2xjuQfvuh0WBPhZuOXNfMfrnk4cO71F9v-GRbB9y38SWWrF-KU68GuXBD2NUXT_xyUjMpDkFPiBcggaJNQf7jN6MA6gIw"
}.
2022-04-11 11:34:28,865 DEBUG    requests_oauthlib.oauth2_session Invoking 0 token response hooks.
2022-04-11 11:34:28,865 DEBUG    requests_oauthlib.oauth2_session Obtained token {'access_token': 'ya29.A0ARrdaM80pfcCh1qGpadMJPBTWR5ojVsnCkRRqWWVcv-YRsPIlWIpATJSTf2-Eg75AXn1AiqUgAA1dDEXmmyq4rcXveSusmo81bLBfev3hZSwaNMFweskvMT4BTG1x9BMxkz6c8scJ7PfFgAi7G6H8ULcGL5fxGtv9DEa', 'expires_in': 3599, 'refresh_token': '1//06QA8F4ZERa47CgYIARAAGAYSNwF-L9IrMqsbzltzZiKJm43lIU_yo1LXoAaLcHCTjXlFgNBBeUfz58MvkIP38PcBbjF4oyfatMw', 'scope': ['https://www.googleapis.com/auth/cloud-platform', 'https://www.googleapis.com/auth/compute', 'https://www.googleapis.com/auth/accounts.reauth', 'https://www.googleapis.com/auth/userinfo.email', 'https://www.googleapis.com/auth/appengine.admin', 'openid'], 'token_type': 'Bearer', 'id_token': 'eyJhbGciOiJSUzI1NiIsImtpZCI6ImYxMzM4Y2EyNjgzNTg2M2Y2NzE0MDhmNDE3MzhhN2I0OWU3NDBmYzAiLCJ0eXAiOiJKV1QifQ.eyJpc3MiOiJodHRwczovL2FjY291bnRzLmdvb2dsZS5jb20iLCJhenAiOiIzMjU1NTk0MDU1OS5hcHBzLmdvb2dsZXVzZXJjb250ZW50LmNvbSIsImF1ZCI6IjMyNTU1OTQwNTU5LmFwcHMuZ29vZ2xldXNlcmNvbnRlbnQuY29tIiwic3ViIjoiMTA3NDQzNzIwNDA3NTA0MjIxNjI0IiwiaGQiOiJ0Y25icm9hZGNhc3RpbmcuY29tIiwiZW1haWwiOiJqZW5uaW5ncy5sZWF2aXR0QHRjbmJyb2FkY2FzdGluZy5jb20iLCJlbWFpbF92ZXJpZmllZCI6dHJ1ZSwiYXRfaGFzaCI6Ikpac055MlFlbHJlQVRZUjduZC1ZcHciLCJpYXQiOjE2NDk2OTg0NjksImV4cCI6MTY0OTcwMjA2OX0.krHRDODAxSwp2tLs6d5xnaciZ8fbDmlv9AODZppC3AmZFVTbVrm0cFLKqWy2PIQuMvQhAZ-xqCP0LI57qn5Kz90uiZtLKx_JepmwpUFCerzOqxGGnUrkRUehLv6KjUy2bPySS9RX-4kcMdaNoxTJ-kxRlYZTtSbQcCYaqLXzLXbpHu8XBq6TOPq--v0SwDDNX6BR7cSBJ8wjXhjb09eUCSmrxJwn3B0R4_QuxToL07zdiT6lvpYOogDYF2xjuQfvuh0WBPhZuOXNfMfrnk4cO71F9v-GRbB9y38SWWrF-KU68GuXBD2NUXT_xyUjMpDkFPiBcggaJNQf7jN6MA6gIw', 'expires_at': 1649702067.865817}.
2022-04-11 11:34:28,879 INFO     ___FILE_ONLY___ 
You are now logged in as [jennings.leavitt@tcnbroadcasting.com].
Your current project is [tcn-cloud-dev].  You can change this setting by running:
  $ gcloud config set project PROJECT_ID

2022-04-11 11:34:28,880 INFO     root            Display format: "none"
2022-04-11 11:34:28,882 DEBUG    root            Checking for updates...
2022-04-11 11:34:28,908 DEBUG    urllib3.connectionpool Starting new HTTPS connection (1): dl.google.com:443
2022-04-11 11:34:28,990 DEBUG    urllib3.connectionpool https://dl.google.com:443 "GET /dl/cloudsdk/channels/rapid/components-2.json HTTP/1.1" 200 187073
2022-04-11 11:34:29,040 INFO     ___FILE_ONLY___ 

Updates are available for some Cloud SDK components.  To install them,
please run:
  $ gcloud components update


2022-04-11 11:34:29,049 DEBUG    root            Metrics reporting process started...
