2022-04-20 10:34:26,137 DEBUG    root            Loaded Command Group: ['gcloud', 'auth']
2022-04-20 10:34:26,207 DEBUG    root            Loaded Command Group: ['gcloud', 'auth', 'login']
2022-04-20 10:34:26,210 DEBUG    root            Running [gcloud.auth.login] with arguments: []
2022-04-20 10:34:26,214 DEBUG    requests_oauthlib.oauth2_session Generated new state smaBf8IZ44f0f2tbhUAo2jLwcNDOBE.
2022-04-20 10:34:26,454 INFO     ___FILE_ONLY___ Your browser has been opened to visit:

    https://accounts.google.com/o/oauth2/auth?response_type=code&client_id=32555940559.apps.googleusercontent.com&redirect_uri=http%3A%2F%2Flocalhost%3A8085%2F&scope=openid+https%3A%2F%2Fwww.googleapis.com%2Fauth%2Fuserinfo.email+https%3A%2F%2Fwww.googleapis.com%2Fauth%2Fcloud-platform+https%3A%2F%2Fwww.googleapis.com%2Fauth%2Fappengine.admin+https%3A%2F%2Fwww.googleapis.com%2Fauth%2Fcompute+https%3A%2F%2Fwww.googleapis.com%2Fauth%2Faccounts.reauth&state=smaBf8IZ44f0f2tbhUAo2jLwcNDOBE&access_type=offline&code_challenge=2iF1neGusv-8ASExB75dZ7Sp5Cd3-sntvqTm-TZGAfo&code_challenge_method=S256


2022-04-20 10:34:38,832 INFO     google_auth_oauthlib.flow "GET /?state=smaBf8IZ44f0f2tbhUAo2jLwcNDOBE&code=4/0AX4XfWjdUxHLkf7_aOMt2LWG-sY04V3s2pBzIzE9-gdYtdD0UhnUeWuUwH2RwsRXlykOwA&scope=email%20openid%20https://www.googleapis.com/auth/userinfo.email%20https://www.googleapis.com/auth/cloud-platform%20https://www.googleapis.com/auth/appengine.admin%20https://www.googleapis.com/auth/compute%20https://www.googleapis.com/auth/accounts.reauth&authuser=1&hd=tcnbroadcasting.com&prompt=consent HTTP/1.1" 200 959
2022-04-20 10:34:38,833 DEBUG    requests_oauthlib.oauth2_session Requesting url https://oauth2.googleapis.com/token using method POST.
2022-04-20 10:34:38,833 DEBUG    requests_oauthlib.oauth2_session Supplying headers {b'Accept': b'application/json', b'Content-Type': b'application/x-www-form-urlencoded;charset=UTF-8', b'user-agent': b'google-cloud-sdk gcloud/370.0.0 command/gcloud.auth.login invocation-id/a84c82a3ca2b454dab0543cf71f88511 environment/None environment-version/None interactive/True from-script/False python/3.8.13 term/xterm-color (Macintosh; Intel Mac OS X 21.3.0)'} and data {'grant_type': 'authorization_code', 'client_id': '32555940559.apps.googleusercontent.com', 'client_secret': 'ZmssLNjJy2998hD4CTg2ejr2', 'code': '4/0AX4XfWjdUxHLkf7_aOMt2LWG-sY04V3s2pBzIzE9-gdYtdD0UhnUeWuUwH2RwsRXlykOwA', 'redirect_uri': 'http://localhost:8085/', 'code_verifier': 'IIzcPYgVbGr2TC7l6ddJc_mbmrMnjltVDvSfHUtEe.~9DRLiVwES1HPBfNC3cjlIb-5LPNHGXy53qVKjNyZnY-AJjatZ~n9krG.gG4xAziVXShRRUk0l6f6uIY4ysCHu'}
2022-04-20 10:34:38,833 DEBUG    requests_oauthlib.oauth2_session Passing through key word arguments {'json': None, 'timeout': None, 'auth': None, 'verify': None, 'proxies': None}.
2022-04-20 10:34:38,842 DEBUG    urllib3.connectionpool Starting new HTTPS connection (1): oauth2.googleapis.com:443
2022-04-20 10:34:39,034 DEBUG    urllib3.connectionpool https://oauth2.googleapis.com:443 "POST /token HTTP/1.1" 200 None
2022-04-20 10:34:39,035 DEBUG    requests_oauthlib.oauth2_session Prepared fetch token request body grant_type=authorization_code&client_id=32555940559.apps.googleusercontent.com&client_secret=ZmssLNjJy2998hD4CTg2ejr2&code=4%2F0AX4XfWjdUxHLkf7_aOMt2LWG-sY04V3s2pBzIzE9-gdYtdD0UhnUeWuUwH2RwsRXlykOwA&redirect_uri=http%3A%2F%2Flocalhost%3A8085%2F&code_verifier=IIzcPYgVbGr2TC7l6ddJc_mbmrMnjltVDvSfHUtEe.~9DRLiVwES1HPBfNC3cjlIb-5LPNHGXy53qVKjNyZnY-AJjatZ~n9krG.gG4xAziVXShRRUk0l6f6uIY4ysCHu
2022-04-20 10:34:39,035 DEBUG    requests_oauthlib.oauth2_session Request to fetch token completed with status 200.
2022-04-20 10:34:39,035 DEBUG    requests_oauthlib.oauth2_session Request headers were {'user-agent': b'google-cloud-sdk gcloud/370.0.0 command/gcloud.auth.login invocation-id/a84c82a3ca2b454dab0543cf71f88511 environment/None environment-version/None interactive/True from-script/False python/3.8.13 term/xterm-color (Macintosh; Intel Mac OS X 21.3.0)', 'Accept-Encoding': 'gzip, deflate', 'Accept': b'application/json', 'Connection': 'keep-alive', 'Content-Type': b'application/x-www-form-urlencoded;charset=UTF-8', 'Content-Length': '387'}
2022-04-20 10:34:39,035 DEBUG    requests_oauthlib.oauth2_session Request body was grant_type=authorization_code&client_id=32555940559.apps.googleusercontent.com&client_secret=ZmssLNjJy2998hD4CTg2ejr2&code=4%2F0AX4XfWjdUxHLkf7_aOMt2LWG-sY04V3s2pBzIzE9-gdYtdD0UhnUeWuUwH2RwsRXlykOwA&redirect_uri=http%3A%2F%2Flocalhost%3A8085%2F&code_verifier=IIzcPYgVbGr2TC7l6ddJc_mbmrMnjltVDvSfHUtEe.~9DRLiVwES1HPBfNC3cjlIb-5LPNHGXy53qVKjNyZnY-AJjatZ~n9krG.gG4xAziVXShRRUk0l6f6uIY4ysCHu
2022-04-20 10:34:39,035 DEBUG    requests_oauthlib.oauth2_session Response headers were {'Expires': 'Mon, 01 Jan 1990 00:00:00 GMT', 'Cache-Control': 'no-cache, no-store, max-age=0, must-revalidate', 'Pragma': 'no-cache', 'Date': 'Wed, 20 Apr 2022 16:34:39 GMT', 'Content-Type': 'application/json; charset=utf-8', 'Vary': 'Origin, X-Origin, Referer', 'Content-Encoding': 'gzip', 'Server': 'scaffolding on HTTPServer2', 'X-XSS-Protection': '0', 'X-Frame-Options': 'SAMEORIGIN', 'X-Content-Type-Options': 'nosniff', 'Alt-Svc': 'h3=":443"; ma=2592000,h3-29=":443"; ma=2592000,h3-Q050=":443"; ma=2592000,h3-Q046=":443"; ma=2592000,h3-Q043=":443"; ma=2592000,quic=":443"; ma=2592000; v="46,43"', 'Transfer-Encoding': 'chunked'} and content {
  "access_token": "ya29.A0ARrdaM8zeygb5D4jsw3iUF8HCL6Z06Aq66wOhuN-6n8Pgqz_Rnn5OipLf6Qc2Wogjjyskbfsc54PqEGM-pysyC4EvBRWDny_pxrWBYIGtdp47g3QZ3qOwEJJ93jULB5qGQs5Uyat4NUbDa5zKgU0TQuVeEvhF_0HaI7g",
  "expires_in": 3599,
  "refresh_token": "1//06BjuyIqzekSOCgYIARAAGAYSNwF-L9IrSOA33E472XW8hcppLBu_qZEQCuHqf_DOGs3oqdYqiRQYBI9eV-Jk5CKRFyYOuBInvFY",
  "scope": "https://www.googleapis.com/auth/cloud-platform openid https://www.googleapis.com/auth/appengine.admin https://www.googleapis.com/auth/compute https://www.googleapis.com/auth/accounts.reauth https://www.googleapis.com/auth/userinfo.email",
  "token_type": "Bearer",
  "id_token": "eyJhbGciOiJSUzI1NiIsImtpZCI6ImQzMzJhYjU0NWNjMTg5ZGYxMzNlZmRkYjNhNmM0MDJlYmY0ODlhYzIiLCJ0eXAiOiJKV1QifQ.eyJpc3MiOiJodHRwczovL2FjY291bnRzLmdvb2dsZS5jb20iLCJhenAiOiIzMjU1NTk0MDU1OS5hcHBzLmdvb2dsZXVzZXJjb250ZW50LmNvbSIsImF1ZCI6IjMyNTU1OTQwNTU5LmFwcHMuZ29vZ2xldXNlcmNvbnRlbnQuY29tIiwic3ViIjoiMTA3NDQzNzIwNDA3NTA0MjIxNjI0IiwiaGQiOiJ0Y25icm9hZGNhc3RpbmcuY29tIiwiZW1haWwiOiJqZW5uaW5ncy5sZWF2aXR0QHRjbmJyb2FkY2FzdGluZy5jb20iLCJlbWFpbF92ZXJpZmllZCI6dHJ1ZSwiYXRfaGFzaCI6InJralZKX25uNjVuVTVrYW5fR1JrU1EiLCJpYXQiOjE2NTA0NzI0NzksImV4cCI6MTY1MDQ3NjA3OX0.LEUMdUv5k2ZUr7panYFSk5XOHvjBW0PysZBaQXOyylbde_xrg-7WAsLfFE_DllQ2P6imc-Myn-VsQr3evSqQrFU2Ar8MOPN7VWF5Pbmm7v5c4ET8nH_xv4uODzIjdSG5vMQAD9xz2KeeUrV43FvXwTf9DhZl_Ur2mxcTp6V74Vu7Iv_bwxfNAlv0bgdFK_nS_OyZ71LXG83tEaLnCvYDDkxt-1npU1m3kM16qkgrDL3xCTLQdrwibVW7NVWIItIn1vZ9y3zCAgFcdIlYRSTx46u0Y0_7FZ79mQvabJRVq10kTIV7wllojURrsr1WA2jpzuzfL9e_-jFCB7IGEpDynA"
}.
2022-04-20 10:34:39,036 DEBUG    requests_oauthlib.oauth2_session Invoking 0 token response hooks.
2022-04-20 10:34:39,036 DEBUG    requests_oauthlib.oauth2_session Obtained token {'access_token': 'ya29.A0ARrdaM8zeygb5D4jsw3iUF8HCL6Z06Aq66wOhuN-6n8Pgqz_Rnn5OipLf6Qc2Wogjjyskbfsc54PqEGM-pysyC4EvBRWDny_pxrWBYIGtdp47g3QZ3qOwEJJ93jULB5qGQs5Uyat4NUbDa5zKgU0TQuVeEvhF_0HaI7g', 'expires_in': 3599, 'refresh_token': '1//06BjuyIqzekSOCgYIARAAGAYSNwF-L9IrSOA33E472XW8hcppLBu_qZEQCuHqf_DOGs3oqdYqiRQYBI9eV-Jk5CKRFyYOuBInvFY', 'scope': ['https://www.googleapis.com/auth/cloud-platform', 'openid', 'https://www.googleapis.com/auth/appengine.admin', 'https://www.googleapis.com/auth/compute', 'https://www.googleapis.com/auth/accounts.reauth', 'https://www.googleapis.com/auth/userinfo.email'], 'token_type': 'Bearer', 'id_token': 'eyJhbGciOiJSUzI1NiIsImtpZCI6ImQzMzJhYjU0NWNjMTg5ZGYxMzNlZmRkYjNhNmM0MDJlYmY0ODlhYzIiLCJ0eXAiOiJKV1QifQ.eyJpc3MiOiJodHRwczovL2FjY291bnRzLmdvb2dsZS5jb20iLCJhenAiOiIzMjU1NTk0MDU1OS5hcHBzLmdvb2dsZXVzZXJjb250ZW50LmNvbSIsImF1ZCI6IjMyNTU1OTQwNTU5LmFwcHMuZ29vZ2xldXNlcmNvbnRlbnQuY29tIiwic3ViIjoiMTA3NDQzNzIwNDA3NTA0MjIxNjI0IiwiaGQiOiJ0Y25icm9hZGNhc3RpbmcuY29tIiwiZW1haWwiOiJqZW5uaW5ncy5sZWF2aXR0QHRjbmJyb2FkY2FzdGluZy5jb20iLCJlbWFpbF92ZXJpZmllZCI6dHJ1ZSwiYXRfaGFzaCI6InJralZKX25uNjVuVTVrYW5fR1JrU1EiLCJpYXQiOjE2NTA0NzI0NzksImV4cCI6MTY1MDQ3NjA3OX0.LEUMdUv5k2ZUr7panYFSk5XOHvjBW0PysZBaQXOyylbde_xrg-7WAsLfFE_DllQ2P6imc-Myn-VsQr3evSqQrFU2Ar8MOPN7VWF5Pbmm7v5c4ET8nH_xv4uODzIjdSG5vMQAD9xz2KeeUrV43FvXwTf9DhZl_Ur2mxcTp6V74Vu7Iv_bwxfNAlv0bgdFK_nS_OyZ71LXG83tEaLnCvYDDkxt-1npU1m3kM16qkgrDL3xCTLQdrwibVW7NVWIItIn1vZ9y3zCAgFcdIlYRSTx46u0Y0_7FZ79mQvabJRVq10kTIV7wllojURrsr1WA2jpzuzfL9e_-jFCB7IGEpDynA', 'expires_at': 1650476078.0362282}.
2022-04-20 10:34:39,048 INFO     ___FILE_ONLY___ 
You are now logged in as [jennings.leavitt@tcnbroadcasting.com].
Your current project is [tcn-cloud-dev].  You can change this setting by running:
  $ gcloud config set project PROJECT_ID

2022-04-20 10:34:39,049 INFO     root            Display format: "none"
2022-04-20 10:34:39,059 DEBUG    root            Metrics reporting process started...
